
SQL*Loader: Release 11.2.0.2.0 - Production on Tue Sep 7 23:17:43 2021

Copyright (c) 1982, 2009, Oracle and/or its affiliates.  All rights reserved.

Control File:   restaurant.ctl
Data File:      C:\Users\user.DESKTOP-HAAH44U\Desktop\SPRINT_CAPG\DATA\csvFiles\restaurant.csv
  Bad File:     restaurant.bad
  Discard File:  none specified
 
 (Allow all discards)

Number to load: ALL
Number to skip: 0
Errors allowed: 50
Bind array:     64 rows, maximum of 256000 bytes
Continuation:    none specified
Path used:      Conventional

Table RESTAURANT, loaded from every logical record.
Insert option in effect for this table: INSERT

   Column Name                  Position   Len  Term Encl Datatype
------------------------------ ---------- ----- ---- ---- ---------------------
RES_ID                              FIRST     *   ,       CHARACTER            
RES_NAME                             NEXT     *   ,       CHARACTER            
RES_ADDR                             NEXT     *   ,       CHARACTER            
RES_CITY                             NEXT     *   ,       CHARACTER            
RES_CONTACT_NO                       NEXT     *   ,       CHARACTER            
RES_COST_FOR2                        NEXT     *   ,       CHARACTER            
RES_DETAILS                          NEXT     *   ,       CHARACTER            
RES_RATING                           NEXT     *   ,       CHARACTER            

Record 1: Rejected - Error on table RESTAURANT, column RES_ID.
ORA-01722: invalid number


Table RESTAURANT:
  9 Rows successfully loaded.
  1 Row not loaded due to data errors.
  0 Rows not loaded because all WHEN clauses were failed.
  0 Rows not loaded because all fields were null.


Space allocated for bind array:                 132096 bytes(64 rows)
Read   buffer bytes: 1048576

Total logical records skipped:          0
Total logical records read:            10
Total logical records rejected:         1
Total logical records discarded:        0

Run began on Tue Sep 07 23:17:43 2021
Run ended on Tue Sep 07 23:17:46 2021

Elapsed time was:     00:00:02.98
CPU time was:         00:00:00.03
