
SQL*Loader: Release 11.2.0.2.0 - Production on Wed Sep 8 00:38:02 2021

Copyright (c) 1982, 2009, Oracle and/or its affiliates.  All rights reserved.

Control File:   transactions.ctl
Data File:      C:\Users\user.DESKTOP-HAAH44U\Desktop\SPRINT_CAPG\DATA\csvFiles\transactions.csv
  Bad File:     transactions.bad
  Discard File:  none specified
 
 (Allow all discards)

Number to load: ALL
Number to skip: 0
Errors allowed: 50
Bind array:     64 rows, maximum of 256000 bytes
Continuation:    none specified
Path used:      Conventional

Table TRANSACTIONS, loaded from every logical record.
Insert option in effect for this table: INSERT

   Column Name                  Position   Len  Term Encl Datatype
------------------------------ ---------- ----- ---- ---- ---------------------
TRANS_ID                            FIRST     *   ,       CHARACTER            
ORD_NO                               NEXT     *   ,       CHARACTER            
ORD_AMT                              NEXT     *   ,       CHARACTER            
MODE_PAYMT                           NEXT     *   ,       CHARACTER            

Record 1: Rejected - Error on table TRANSACTIONS, column TRANS_ID.
ORA-01722: invalid number


Table TRANSACTIONS:
  26 Rows successfully loaded.
  1 Row not loaded due to data errors.
  0 Rows not loaded because all WHEN clauses were failed.
  0 Rows not loaded because all fields were null.


Space allocated for bind array:                  66048 bytes(64 rows)
Read   buffer bytes: 1048576

Total logical records skipped:          0
Total logical records read:            27
Total logical records rejected:         1
Total logical records discarded:        0

Run began on Wed Sep 08 00:38:02 2021
Run ended on Wed Sep 08 00:38:08 2021

Elapsed time was:     00:00:05.93
CPU time was:         00:00:00.07
