
SQL*Loader: Release 11.2.0.2.0 - Production on Wed Sep 8 00:45:47 2021

Copyright (c) 1982, 2009, Oracle and/or its affiliates.  All rights reserved.

Control File:   user_login.ctl
Data File:      C:\Users\user.DESKTOP-HAAH44U\Desktop\SPRINT_CAPG\DATA\csvFiles\user_login.csv
  Bad File:     user_login.bad
  Discard File:  none specified
 
 (Allow all discards)

Number to load: ALL
Number to skip: 0
Errors allowed: 50
Bind array:     64 rows, maximum of 256000 bytes
Continuation:    none specified
Path used:      Conventional

Table USER_LOGIN, loaded from every logical record.
Insert option in effect for this table: INSERT

   Column Name                  Position   Len  Term Encl Datatype
------------------------------ ---------- ----- ---- ---- ---------------------
LOG_ID                              FIRST     *   ,       CHARACTER            
LOG_PASS                             NEXT     *   ,       CHARACTER            
USER_TYPE                            NEXT     *   ,       CHARACTER            

Record 1: Rejected - Error on table USER_LOGIN, column LOG_ID.
ORA-01722: invalid number


Table USER_LOGIN:
  15 Rows successfully loaded.
  1 Row not loaded due to data errors.
  0 Rows not loaded because all WHEN clauses were failed.
  0 Rows not loaded because all fields were null.


Space allocated for bind array:                  49536 bytes(64 rows)
Read   buffer bytes: 1048576

Total logical records skipped:          0
Total logical records read:            16
Total logical records rejected:         1
Total logical records discarded:        0

Run began on Wed Sep 08 00:45:47 2021
Run ended on Wed Sep 08 00:45:52 2021

Elapsed time was:     00:00:04.03
CPU time was:         00:00:00.08
